<?xml version="1.0" encoding="UTF-8"?>
<!-- Generated by org.testng.reporters.JUnitXMLReporter -->
<testsuite ignored="0" hostname="SIMRAN-BV08BA2P" failures="0" tests="5" name="Regression" time="59.016" errors="0" timestamp="2023-08-02T00:11:09 GMT-04:00">
  <testcase classname="testLayer.LoginTest" name="title" time="0.017"/>
  <testcase classname="testLayer.LoginTest" name="Login" time="10.354"/>
  <testcase classname="testLayer.LoginTest" name="Login" time="10.351"/>
  <testcase classname="testLayer.LoginTest" name="Login" time="10.314"/>
  <testcase classname="testLayer.LoginTest" name="Login" time="10.311"/>
</testsuite> <!-- Regression -->
