<?xml version="1.0" encoding="UTF-8"?>
<!-- Generated by org.testng.reporters.JUnitXMLReporter -->
<testsuite ignored="0" hostname="SIMRAN-BV08BA2P" failures="0" tests="5" name="Default test" time="58.858" errors="0" timestamp="2023-08-02T00:34:50 GMT-04:00">
  <testcase classname="testLayer.LoginTest" name="title" time="0.026"/>
  <testcase classname="testLayer.LoginTest" name="Login" time="10.475"/>
  <testcase classname="testLayer.LoginTest" name="Login" time="10.427"/>
  <testcase classname="testLayer.LoginTest" name="Login" time="10.446"/>
  <testcase classname="testLayer.LoginTest" name="Login" time="10.471"/>
</testsuite> <!-- Default test -->
