<?xml version="1.0" encoding="UTF-8"?>
<testng-results ignored="0" total="5" passed="5" failed="0" skipped="0">
  <reporter-output>
  </reporter-output>
  <suite started-at="2023-08-02T00:33:51 GMT-04:00" name="Default suite" finished-at="2023-08-02T00:34:49 GMT-04:00" duration-ms="58858">
    <groups>
    </groups>
    <test started-at="2023-08-02T00:33:51 GMT-04:00" name="Default test" finished-at="2023-08-02T00:34:49 GMT-04:00" duration-ms="58858">
      <class name="testLayer.LoginTest">
        <test-method is-config="true" signature="initsetup()[pri:0, instance:testLayer.LoginTest@3270d194]" started-at="2023-08-02T00:33:51 GMT-04:00" name="initsetup" finished-at="2023-08-02T00:33:55 GMT-04:00" duration-ms="3927" status="PASS">
          <reporter-output>
          </reporter-output>
        </test-method> <!-- initsetup -->
        <test-method signature="title()[pri:1, instance:testLayer.LoginTest@3270d194]" started-at="2023-08-02T00:33:55 GMT-04:00" name="title" finished-at="2023-08-02T00:33:55 GMT-04:00" duration-ms="26" status="PASS">
          <reporter-output>
          </reporter-output>
        </test-method> <!-- title -->
        <test-method is-config="true" signature="close()[pri:0, instance:testLayer.LoginTest@3270d194]" started-at="2023-08-02T00:33:55 GMT-04:00" name="close" finished-at="2023-08-02T00:33:55 GMT-04:00" duration-ms="241" status="PASS">
          <reporter-output>
          </reporter-output>
        </test-method> <!-- close -->
        <test-method is-config="true" signature="initsetup()[pri:0, instance:testLayer.LoginTest@3270d194]" started-at="2023-08-02T00:33:55 GMT-04:00" name="initsetup" finished-at="2023-08-02T00:33:58 GMT-04:00" duration-ms="2641" status="PASS">
          <reporter-output>
          </reporter-output>
        </test-method> <!-- initsetup -->
        <test-method signature="Login(java.lang.String,java.lang.String)[pri:2, instance:testLayer.LoginTest@3270d194]" started-at="2023-08-02T00:33:58 GMT-04:00" name="Login" data-provider="Details" finished-at="2023-08-02T00:34:08 GMT-04:00" duration-ms="10475" status="PASS">
          <params>
            <param index="0">
              <value>
                <![CDATA[Admin]]>
              </value>
            </param>
            <param index="1">
              <value>
                <![CDATA[admin123]]>
              </value>
            </param>
          </params>
          <reporter-output>
          </reporter-output>
        </test-method> <!-- Login -->
        <test-method is-config="true" signature="close()[pri:0, instance:testLayer.LoginTest@3270d194]" started-at="2023-08-02T00:34:08 GMT-04:00" name="close" finished-at="2023-08-02T00:34:09 GMT-04:00" duration-ms="381" status="PASS">
          <reporter-output>
          </reporter-output>
        </test-method> <!-- close -->
        <test-method is-config="true" signature="initsetup()[pri:0, instance:testLayer.LoginTest@3270d194]" started-at="2023-08-02T00:34:09 GMT-04:00" name="initsetup" finished-at="2023-08-02T00:34:12 GMT-04:00" duration-ms="2878" status="PASS">
          <reporter-output>
          </reporter-output>
        </test-method> <!-- initsetup -->
        <test-method signature="Login(java.lang.String,java.lang.String)[pri:2, instance:testLayer.LoginTest@3270d194]" started-at="2023-08-02T00:34:12 GMT-04:00" name="Login" data-provider="Details" finished-at="2023-08-02T00:34:22 GMT-04:00" duration-ms="10427" status="PASS">
          <params>
            <param index="0">
              <value>
                <![CDATA[Admin]]>
              </value>
            </param>
            <param index="1">
              <value>
                <![CDATA[admin1234]]>
              </value>
            </param>
          </params>
          <reporter-output>
          </reporter-output>
        </test-method> <!-- Login -->
        <test-method is-config="true" signature="close()[pri:0, instance:testLayer.LoginTest@3270d194]" started-at="2023-08-02T00:34:22 GMT-04:00" name="close" finished-at="2023-08-02T00:34:22 GMT-04:00" duration-ms="310" status="PASS">
          <reporter-output>
          </reporter-output>
        </test-method> <!-- close -->
        <test-method is-config="true" signature="initsetup()[pri:0, instance:testLayer.LoginTest@3270d194]" started-at="2023-08-02T00:34:22 GMT-04:00" name="initsetup" finished-at="2023-08-02T00:34:25 GMT-04:00" duration-ms="2695" status="PASS">
          <reporter-output>
          </reporter-output>
        </test-method> <!-- initsetup -->
        <test-method signature="Login(java.lang.String,java.lang.String)[pri:2, instance:testLayer.LoginTest@3270d194]" started-at="2023-08-02T00:34:25 GMT-04:00" name="Login" data-provider="Details" finished-at="2023-08-02T00:34:36 GMT-04:00" duration-ms="10446" status="PASS">
          <params>
            <param index="0">
              <value>
                <![CDATA[admin]]>
              </value>
            </param>
            <param index="1">
              <value>
                <![CDATA[admin123]]>
              </value>
            </param>
          </params>
          <reporter-output>
          </reporter-output>
        </test-method> <!-- Login -->
        <test-method is-config="true" signature="close()[pri:0, instance:testLayer.LoginTest@3270d194]" started-at="2023-08-02T00:34:36 GMT-04:00" name="close" finished-at="2023-08-02T00:34:36 GMT-04:00" duration-ms="253" status="PASS">
          <reporter-output>
          </reporter-output>
        </test-method> <!-- close -->
        <test-method is-config="true" signature="initsetup()[pri:0, instance:testLayer.LoginTest@3270d194]" started-at="2023-08-02T00:34:36 GMT-04:00" name="initsetup" finished-at="2023-08-02T00:34:39 GMT-04:00" duration-ms="2797" status="PASS">
          <reporter-output>
          </reporter-output>
        </test-method> <!-- initsetup -->
        <test-method signature="Login(java.lang.String,java.lang.String)[pri:2, instance:testLayer.LoginTest@3270d194]" started-at="2023-08-02T00:34:39 GMT-04:00" name="Login" data-provider="Details" finished-at="2023-08-02T00:34:49 GMT-04:00" duration-ms="10471" status="PASS">
          <params>
            <param index="0">
              <value>
                <![CDATA[Admin]]>
              </value>
            </param>
            <param index="1">
              <value>
                <![CDATA[admin]]>
              </value>
            </param>
          </params>
          <reporter-output>
          </reporter-output>
        </test-method> <!-- Login -->
        <test-method is-config="true" signature="close()[pri:0, instance:testLayer.LoginTest@3270d194]" started-at="2023-08-02T00:34:49 GMT-04:00" name="close" finished-at="2023-08-02T00:34:49 GMT-04:00" duration-ms="348" status="PASS">
          <reporter-output>
          </reporter-output>
        </test-method> <!-- close -->
      </class> <!-- testLayer.LoginTest -->
    </test> <!-- Default test -->
  </suite> <!-- Default suite -->
</testng-results>
